\BOOKMARK [0][-]{chapter.1}{\376\377\000S\000e\000q\000u\000e\000n\000c\000e\000\040\000A\000l\000i\000g\000n\000m\000e\000n\000t}{}% 1
\BOOKMARK [1][-]{section.2}{\376\377\000C\000o\000n\000c\000e\000p\000t\000s\000\040\000D\000i\000s\000c\000u\000s\000s\000e\000d}{chapter.1}% 2
\BOOKMARK [2][-]{subsection.3}{\376\377\000P\000A\000M\000\040\000M\000a\000t\000r\000i\000c\000e\000s}{section.2}% 3
\BOOKMARK [2][-]{subsection.4}{\376\377\000B\000L\000O\000S\000S\000U\000M}{section.2}% 4
\BOOKMARK [1][-]{section.5}{\376\377\000T\000o\000o\000l\000s\000\040\000D\000i\000s\000c\000u\000s\000s\000e\000d}{chapter.1}% 5
\BOOKMARK [2][-]{subsection.6}{\376\377\000B\000L\000A\000S\000T}{section.5}% 6
\BOOKMARK [3][-]{subsubsection.11}{\376\377\000B\000L\000A\000S\000T\000n}{subsection.6}% 7
\BOOKMARK [3][-]{subsubsection.14}{\376\377\000B\000L\000A\000S\000T\000p}{subsection.6}% 8
\BOOKMARK [1][-]{section.16}{\376\377\000T\000o\000o\000l\000\040\000U\000s\000a\000g\000e}{chapter.1}% 9
\BOOKMARK [2][-]{subsection.17}{\376\377\000B\000L\000A\000S\000T\000p}{section.16}% 10
\BOOKMARK [1][-]{section.25}{\376\377\000T\000o\000o\000l\000\040\000A\000p\000p\000l\000i\000c\000a\000t\000i\000o\000n\000s}{chapter.1}% 11
\BOOKMARK [2][-]{subsection.26}{\376\377\000B\000L\000A\000S\000T\000p}{section.25}% 12
\BOOKMARK [0][-]{chapter.27}{\376\377\000D\000y\000n\000a\000m\000i\000c\000\040\000P\000r\000o\000g\000r\000a\000m\000m\000i\000n\000g}{}% 13
\BOOKMARK [1][-]{section.28}{\376\377\000C\000o\000n\000c\000e\000p\000t\000s\000\040\000D\000i\000s\000c\000u\000s\000s\000e\000d}{chapter.27}% 14
\BOOKMARK [2][-]{subsection.29}{\376\377\000N\000e\000e\000d\000l\000e\000m\000a\000n\000-\000W\000u\000n\000s\000c\000h\000\040\000A\000l\000g\000o\000r\000i\000t\000h\000m}{section.28}% 15
\BOOKMARK [2][-]{subsection.30}{\376\377\000S\000m\000i\000t\000h\000-\000W\000a\000t\000e\000r\000m\000a\000n\000\040\000A\000l\000g\000o\000r\000i\000t\000h\000m}{section.28}% 16
\BOOKMARK [1][-]{section.31}{\376\377\000T\000o\000o\000l\000s\000\040\000D\000i\000s\000c\000u\000s\000s\000e\000d}{chapter.27}% 17
\BOOKMARK [2][-]{subsection.32}{\376\377\000M\000i\000c\000r\000o\000s\000o\000f\000t\000\040\000E\000x\000c\000e\000l}{section.31}% 18
\BOOKMARK [1][-]{section.33}{\376\377\000T\000o\000o\000l\000\040\000U\000s\000a\000g\000e\000s}{chapter.27}% 19
\BOOKMARK [2][-]{subsection.34}{\376\377\000M\000i\000c\000r\000o\000s\000o\000f\000t\000\040\000E\000x\000c\000e\000l}{section.33}% 20
\BOOKMARK [1][-]{section.35}{\376\377\000T\000o\000o\000l\000\040\000A\000p\000p\000l\000i\000c\000a\000t\000i\000o\000n\000s}{chapter.27}% 21
\BOOKMARK [2][-]{subsection.36}{\376\377\000M\000i\000c\000r\000o\000s\000o\000f\000t\000\040\000E\000x\000c\000e\000l}{section.35}% 22
\BOOKMARK [3][-]{subsubsection.37}{\376\377\000C\000a\000l\000c\000u\000l\000a\000t\000i\000n\000g\000\040\000S\000u\000b\000s\000t\000i\000t\000u\000t\000i\000o\000n\000\040\000M\000a\000t\000r\000i\000c\000e\000s}{subsection.36}% 23
\BOOKMARK [0][-]{chapter.38}{\376\377\000D\000a\000t\000a\000b\000a\000s\000e\000\040\000S\000e\000a\000r\000c\000h\000i\000n\000g}{}% 24
\BOOKMARK [1][-]{section.39}{\376\377\000C\000o\000n\000c\000e\000p\000t\000s\000\040\000D\000i\000s\000c\000u\000s\000s\000e\000d}{chapter.38}% 25
\BOOKMARK [2][-]{subsection.40}{\376\377\000H\000e\000u\000r\000i\000s\000t\000i\000c\000\040\000A\000l\000g\000o\000r\000i\000t\000h\000m\000s}{section.39}% 26
\BOOKMARK [2][-]{subsection.41}{\376\377\000T\000y\000p\000e\000s\000\040\000o\000f\000\040\000D\000a\000t\000a\000b\000a\000s\000e\000s}{section.39}% 27
\BOOKMARK [2][-]{subsection.42}{\376\377\000C\000l\000a\000s\000s\000i\000f\000i\000c\000a\000t\000i\000o\000n\000\040\000o\000f\000\040\000D\000a\000t\000a\000b\000a\000s\000e\000s}{section.39}% 28
\BOOKMARK [1][-]{section.43}{\376\377\000T\000o\000o\000l\000s\000\040\000D\000i\000s\000c\000u\000s\000s\000e\000d}{chapter.38}% 29
\BOOKMARK [2][-]{subsection.44}{\376\377\000P\000r\000i\000m\000a\000r\000y\000\040\000D\000a\000t\000a\000b\000a\000s\000e\000s}{section.43}% 30
\BOOKMARK [2][-]{subsection.45}{\376\377\000M\000e\000t\000a\000d\000a\000t\000a\000b\000a\000s\000e\000s}{section.43}% 31
\BOOKMARK [3][-]{subsubsection.46}{\376\377\000O\000n\000l\000i\000n\000e\000\040\000M\000e\000n\000d\000e\000l\000i\000a\000n\000\040\000I\000n\000h\000e\000r\000i\000t\000a\000n\000c\000e\000\040\000i\000n\000\040\000M\000a\000n\000\040\000D\000a\000t\000a\000b\000a\000s\000e}{subsection.45}% 32
\BOOKMARK [3][-]{subsubsection.47}{\376\377\000E\000n\000s\000e\000m\000b\000l}{subsection.45}% 33
\BOOKMARK [3][-]{subsubsection.48}{\376\377\000N\000C\000B\000I}{subsection.45}% 34
\BOOKMARK [1][-]{section.49}{\376\377\000T\000o\000o\000l\000\040\000U\000s\000a\000g\000e\000s}{chapter.38}% 35
\BOOKMARK [2][-]{subsection.50}{\376\377\000O\000M\000I\000M\000\040\000D\000a\000t\000a\000b\000a\000s\000e}{section.49}% 36
\BOOKMARK [1][-]{section.57}{\376\377\000T\000o\000o\000l\000\040\000A\000p\000p\000l\000i\000c\000a\000t\000i\000o\000n\000s}{chapter.38}% 37
\BOOKMARK [2][-]{subsection.58}{\376\377\000O\000M\000I\000M\000\040\000D\000a\000t\000a\000b\000a\000s\000e}{section.57}% 38
\BOOKMARK [3][-]{subsubsection.59}{\376\377\000I\000d\000e\000n\000t\000i\000f\000y\000i\000n\000g\000\040\000G\000e\000n\000e\000s\000\040\000A\000s\000s\000o\000c\000i\000a\000t\000e\000\040\000w\000i\000t\000h\000\040\000D\000i\000s\000e\000a\000s\000e}{subsection.58}% 39
\BOOKMARK [0][-]{chapter.60}{\376\377\000M\000u\000l\000t\000i\000p\000l\000e\000\040\000S\000e\000q\000u\000e\000n\000c\000e\000\040\000A\000l\000i\000g\000n\000m\000e\000n\000t}{}% 40
\BOOKMARK [1][-]{section.61}{\376\377\000C\000o\000n\000c\000e\000p\000t\000s\000\040\000D\000i\000s\000c\000u\000s\000s\000e\000d}{chapter.60}% 41
\BOOKMARK [2][-]{subsection.62}{\376\377\000P\000o\000s\000i\000t\000i\000o\000n\000\040\000S\000p\000e\000c\000i\000f\000i\000c\000\040\000S\000c\000o\000r\000i\000n\000g\000\040\000M\000a\000t\000r\000i\000c\000e\000s\000\040\000\050\000P\000S\000S\000M\000s\000\051}{section.61}% 42
\BOOKMARK [2][-]{subsection.63}{\376\377\000P\000o\000s\000i\000t\000i\000o\000n\000\040\000S\000p\000e\000c\000i\000f\000i\000c\000\040\000I\000t\000e\000r\000a\000t\000e\000d\000\040\000\050\000P\000S\000I\000\051\000\040\000B\000L\000A\000S\000T}{section.61}% 43
\BOOKMARK [2][-]{subsection.64}{\376\377\000C\000l\000u\000s\000t\000e\000r\000\040\000A\000l\000i\000g\000n\000m\000e\000n\000t\000\040\000\050\000C\000L\000U\000S\000T\000A\000L\000\051\000\040\000A\000l\000g\000o\000r\000i\000t\000h\000m\000s}{section.61}% 44
\BOOKMARK [1][-]{section.65}{\376\377\000T\000o\000o\000l\000s\000\040\000D\000i\000s\000c\000u\000s\000s\000e\000d}{chapter.60}% 45
\BOOKMARK [2][-]{subsection.66}{\376\377\000B\000l\000a\000s\000t\000N}{section.65}% 46
\BOOKMARK [2][-]{subsection.67}{\376\377\000C\000l\000u\000s\000t\000a\000l\000W}{section.65}% 47
\BOOKMARK [2][-]{subsection.68}{\376\377\000C\000l\000u\000s\000t\000a\000l\000O\000m\000e\000g\000a}{section.65}% 48
\BOOKMARK [1][-]{section.69}{\376\377\000T\000o\000o\000l\000\040\000U\000s\000a\000g\000e}{chapter.60}% 49
\BOOKMARK [2][-]{subsection.70}{\376\377\000C\000l\000u\000s\000t\000a\000l\000O\000m\000e\000g\000a}{section.69}% 50
\BOOKMARK [1][-]{section.77}{\376\377\000T\000o\000o\000l\000\040\000A\000p\000p\000l\000i\000c\000a\000t\000i\000o\000n}{chapter.60}% 51
\BOOKMARK [2][-]{subsection.78}{\376\377\000C\000l\000u\000s\000t\000a\000l\000O\000m\000e\000g\000a}{section.77}% 52
\BOOKMARK [3][-]{subsubsection.79}{\376\377\000I\000d\000e\000n\000t\000i\000f\000y\000i\000n\000g\000\040\000G\000e\000n\000e\000\040\000T\000r\000a\000n\000s\000f\000e\000r\000\040\000B\000e\000t\000w\000e\000e\000n\000\040\000O\000r\000g\000a\000n\000i\000s\000m\000s}{subsection.78}% 53
\BOOKMARK [0][-]{chapter.80}{\376\377\000E\000v\000o\000l\000u\000t\000i\000o\000n\000a\000r\000y\000\040\000P\000r\000o\000c\000e\000s\000s\000e\000s}{}% 54
\BOOKMARK [1][-]{section.81}{\376\377\000C\000o\000n\000c\000e\000p\000t\000s\000\040\000D\000i\000s\000c\000u\000s\000s\000e\000d}{chapter.80}% 55
\BOOKMARK [2][-]{subsection.82}{\376\377\000P\000h\000y\000l\000o\000g\000e\000n\000e\000t\000i\000c\000\040\000T\000r\000e\000e\000s}{section.81}% 56
\BOOKMARK [3][-]{subsubsection.83}{\376\377\000G\000e\000n\000e\000\040\000T\000r\000e\000e\000s}{subsection.82}% 57
\BOOKMARK [3][-]{subsubsection.84}{\376\377\000S\000p\000e\000c\000i\000e\000s\000\040\000T\000r\000e\000e\000s}{subsection.82}% 58
\BOOKMARK [3][-]{subsubsection.85}{\376\377\000T\000r\000e\000e\000\040\000R\000o\000o\000t\000s}{subsection.82}% 59
\BOOKMARK [3][-]{subsubsection.86}{\376\377\000N\000o\000d\000e\000s}{subsection.82}% 60
\BOOKMARK [3][-]{subsubsection.87}{\376\377\000T\000r\000e\000e\000\040\000T\000o\000p\000o\000l\000o\000g\000i\000e\000s}{subsection.82}% 61
\BOOKMARK [2][-]{subsection.88}{\376\377\000C\000l\000u\000s\000t\000e\000r\000i\000n\000g\000\040\000M\000e\000t\000h\000o\000d\000s}{section.81}% 62
\BOOKMARK [3][-]{subsubsection.89}{\376\377\000U\000n\000w\000e\000i\000g\000h\000t\000e\000d\000\040\000P\000a\000i\000r\000-\000G\000r\000o\000u\000p\000\040\000M\000e\000t\000h\000o\000d\000\040\000A\000r\000i\000t\000h\000m\000e\000t\000i\000c\000\040\000M\000e\000a\000n}{subsection.88}% 63
\BOOKMARK [3][-]{subsubsection.90}{\376\377\000F\000i\000t\000c\000h\000-\000M\000a\000r\000g\000o\000l\000i\000a\000s\000h\000\040\000M\000e\000t\000h\000o\000d}{subsection.88}% 64
\BOOKMARK [3][-]{subsubsection.91}{\376\377\000N\000e\000i\000g\000h\000b\000o\000u\000r\000-\000J\000o\000i\000n\000i\000n\000g\000\040\000M\000e\000t\000h\000o\000d}{subsection.88}% 65
\BOOKMARK [1][-]{section.92}{\376\377\000T\000o\000o\000l\000s\000\040\000D\000i\000s\000c\000u\000s\000s\000e\000d}{chapter.80}% 66
\BOOKMARK [2][-]{subsection.93}{\376\377\000P\000h\000y\000l\000o\000g\000e\000n\000y\000.\000f\000r}{section.92}% 67
\BOOKMARK [2][-]{subsection.94}{\376\377\000F\000n\000e\000i\000g\000h\000b\000o\000r}{section.92}% 68
\BOOKMARK [1][-]{section.95}{\376\377\000T\000o\000o\000l\000\040\000U\000s\000a\000g\000e\000s}{chapter.80}% 69
\BOOKMARK [2][-]{subsection.96}{\376\377\000P\000h\000y\000l\000o\000g\000e\000n\000y\000.\000f\000r}{section.95}% 70
\BOOKMARK [3][-]{subsubsection.97}{\376\377\000"\000O\000n\000e\000\040\000C\000l\000i\000c\000k\000"}{subsection.96}% 71
\BOOKMARK [3][-]{subsubsection.98}{\376\377\000"\000A\000d\000v\000a\000n\000c\000e\000d\000"}{subsection.96}% 72
\BOOKMARK [3][-]{subsubsection.99}{\376\377\000"\000A\000\040\000l\000a\000\040\000C\000a\000r\000t\000e\000'}{subsection.96}% 73
\BOOKMARK [2][-]{subsection.100}{\376\377\000F\000n\000e\000i\000g\000h\000b\000o\000r}{section.95}% 74
\BOOKMARK [1][-]{section.101}{\376\377\000T\000o\000o\000l\000\040\000A\000p\000p\000l\000i\000c\000a\000t\000i\000o\000n\000s}{chapter.80}% 75
\BOOKMARK [2][-]{subsection.102}{\376\377\000P\000h\000y\000l\000o\000g\000e\000n\000y\000.\000f\000r}{section.101}% 76
\BOOKMARK [3][-]{subsubsection.103}{\376\377\000D\000e\000t\000e\000r\000m\000i\000n\000i\000n\000g\000\040\000T\000h\000e\000\040\000D\000e\000g\000r\000e\000e\000\040\000o\000f\000\040\000R\000e\000l\000a\000t\000e\000d\000n\000e\000s\000s\000\040\000B\000e\000t\000w\000e\000e\000n\000\040\000S\000p\000e\000c\000i\000e\000s\000\040\000o\000n\000\040\000t\000h\000e\000\040\000T\000r\000e\000e\000\040\000o\000f\000\040\000L\000i\000f\000e}{subsection.102}% 77
\BOOKMARK [2][-]{subsection.104}{\376\377\000F\000n\000e\000i\000g\000h\000b\000o\000r}{section.101}% 78
\BOOKMARK [0][-]{chapter.105}{\376\377\000G\000e\000n\000e\000\040\000P\000r\000e\000d\000i\000c\000t\000i\000o\000n}{}% 79
\BOOKMARK [1][-]{section.106}{\376\377\000C\000o\000n\000c\000e\000p\000t\000s\000\040\000D\000i\000s\000c\000u\000s\000s\000e\000d}{chapter.105}% 80
\BOOKMARK [2][-]{subsection.107}{\376\377\000O\000p\000e\000n\000\040\000R\000e\000a\000d\000i\000n\000g\000\040\000F\000r\000a\000m\000e\000s}{section.106}% 81
\BOOKMARK [3][-]{subsubsection.108}{\376\377\000P\000r\000o\000k\000a\000r\000y\000o\000t\000i\000c\000\040\000O\000R\000F\000s}{subsection.107}% 82
\BOOKMARK [2][-]{subsection.109}{\376\377\000U\000p\000s\000t\000r\000e\000a\000m\000\040\000C\000o\000d\000i\000n\000g\000\040\000S\000e\000q\000u\000e\000n\000c\000e}{section.106}% 83
\BOOKMARK [2][-]{subsection.110}{\376\377\000G\000e\000n\000o\000m\000e\000\040\000F\000e\000a\000t\000u\000r\000e\000s}{section.106}% 84
\BOOKMARK [3][-]{subsubsection.111}{\376\377\000P\000r\000o\000k\000a\000r\000y\000o\000t\000e\000s}{subsection.110}% 85
\BOOKMARK [3][-]{subsubsection.112}{\376\377\000E\000u\000k\000a\000r\000y\000o\000t\000e\000s}{subsection.110}% 86
\BOOKMARK [2][-]{subsection.113}{\376\377\000G\000e\000n\000e\000\040\000F\000i\000n\000d\000i\000n\000g\000\040\000S\000c\000h\000e\000m\000e\000s}{section.106}% 87
\BOOKMARK [3][-]{subsubsection.114}{\376\377\000T\000y\000p\000e\000s\000\040\000o\000f\000\040\000A\000l\000g\000o\000r\000i\000t\000h\000m\000s}{subsection.113}% 88
\BOOKMARK [3][-]{subsubsection.115}{\376\377\000C\000o\000n\000f\000i\000r\000m\000i\000n\000g\000\040\000P\000r\000e\000d\000i\000c\000t\000i\000o\000n\000s}{subsection.113}% 89
\BOOKMARK [2][-]{subsection.116}{\376\377\000G\000e\000n\000e\000\040\000O\000n\000t\000o\000l\000o\000g\000y}{section.106}% 90
\BOOKMARK [3][-]{subsubsection.117}{\376\377\000S\000y\000n\000t\000e\000n\000i\000c\000\040\000R\000e\000g\000i\000o\000n\000s}{subsection.116}% 91
\BOOKMARK [1][-]{section.118}{\376\377\000T\000o\000o\000l\000s\000\040\000D\000i\000s\000c\000u\000s\000s\000e\000d}{chapter.105}% 92
\BOOKMARK [2][-]{subsection.119}{\376\377\000U\000n\000i\000P\000r\000o\000t}{section.118}% 93
\BOOKMARK [2][-]{subsection.120}{\376\377\000N\000E\000B\000c\000u\000t\000t\000e\000r}{section.118}% 94
\BOOKMARK [2][-]{subsection.121}{\376\377\000O\000R\000F\000f\000i\000n\000d\000e\000r}{section.118}% 95
\BOOKMARK [1][-]{section.122}{\376\377\000T\000o\000o\000l\000\040\000A\000p\000p\000l\000i\000c\000a\000t\000i\000o\000n\000s}{chapter.105}% 96
\BOOKMARK [2][-]{subsection.123}{\376\377\000U\000n\000i\000P\000r\000o\000t}{section.122}% 97
\BOOKMARK [2][-]{subsection.124}{\376\377\000N\000E\000B\000c\000u\000t\000t\000e\000r}{section.122}% 98
\BOOKMARK [3][-]{subsubsection.125}{\376\377\000G\000e\000n\000e\000\040\000D\000i\000s\000c\000o\000v\000e\000r\000y\000\040\000i\000n\000\040\000D\000N\000A\000\040\000S\000e\000q\000u\000e\000n\000c\000e\000s}{subsection.124}% 99
\BOOKMARK [2][-]{subsection.126}{\376\377\000O\000R\000F\000f\000i\000n\000d\000e\000r}{section.122}% 100
\BOOKMARK [0][-]{chapter.127}{\376\377\000P\000r\000o\000t\000e\000i\000n\000\040\000S\000t\000r\000u\000c\000t\000u\000r\000e\000\040\000P\000r\000e\000d\000i\000c\000t\000i\000o\000n}{}% 101
\BOOKMARK [1][-]{section.128}{\376\377\000C\000o\000n\000c\000e\000p\000t\000s\000\040\000D\000i\000s\000c\000u\000s\000s\000e\000d}{chapter.127}% 102
\BOOKMARK [2][-]{subsection.129}{\376\377\000E\000x\000p\000e\000r\000i\000m\000e\000n\000t\000a\000l\000\040\0003\000D\000\040\000S\000t\000r\000u\000c\000t\000u\000r\000e\000\040\000D\000e\000t\000e\000r\000m\000i\000n\000a\000t\000i\000o\000n}{section.128}% 103
\BOOKMARK [3][-]{subsubsection.130}{\376\377\000X\000-\000R\000a\000y\000\040\000C\000r\000y\000s\000t\000a\000l\000l\000o\000g\000r\000a\000p\000h\000y}{subsection.129}% 104
\BOOKMARK [3][-]{subsubsection.131}{\376\377\000N\000M\000R\000\040\000S\000p\000e\000c\000t\000r\000o\000s\000c\000o\000p\000y}{subsection.129}% 105
\BOOKMARK [2][-]{subsection.132}{\376\377\000B\000a\000c\000k\000g\000r\000o\000u\000n\000d}{section.128}% 106
\BOOKMARK [3][-]{subsubsection.133}{\376\377\000D\000e\000f\000i\000n\000i\000t\000i\000o\000n\000s}{subsection.132}% 107
\BOOKMARK [3][-]{subsubsection.134}{\376\377\000P\000r\000o\000t\000e\000i\000n\000\040\000S\000t\000r\000u\000c\000t\000u\000r\000e\000s}{subsection.132}% 108
\BOOKMARK [3][-]{subsubsection.135}{\376\377\000S\000e\000c\000o\000n\000d\000a\000r\000y\000\040\000S\000t\000r\000u\000c\000t\000u\000r\000e\000s}{subsection.132}% 109
\BOOKMARK [2][-]{subsection.136}{\376\377\000P\000r\000o\000p\000e\000r\000t\000i\000e\000s\000\040\000o\000f\000\040\000S\000t\000a\000b\000l\000e\000\040\000T\000e\000r\000t\000i\000a\000r\000y\000\040\000S\000t\000r\000u\000c\000t\000u\000r\000e}{section.128}% 110
\BOOKMARK [3][-]{subsubsection.137}{}{subsection.136}% 111
\BOOKMARK [1][-]{section.138}{\376\377\000T\000o\000o\000l\000s\000\040\000D\000i\000s\000c\000u\000s\000s\000e\000d}{chapter.127}% 112
\BOOKMARK [2][-]{subsection.139}{\376\377\000R\000C\000S\000B\000\040\000P\000D\000B}{section.138}% 113
\BOOKMARK [2][-]{subsection.140}{\376\377\000F\000i\000r\000s\000t\000G\000l\000a\000n\000c\000e\000\040\000i\000n\000\040\000J\000m\000o\000l}{section.138}% 114
\BOOKMARK [2][-]{subsection.141}{\376\377\000S\000W\000I\000S\000S\000-\000M\000O\000D\000E\000L}{section.138}% 115
\BOOKMARK [2][-]{subsection.142}{\376\377\000P\000D\000B\000e\000F\000o\000l\000d}{section.138}% 116
\BOOKMARK [2][-]{subsection.143}{\376\377\000P\000S\000I\000P\000R\000E\000D}{section.138}% 117
\BOOKMARK [1][-]{section.144}{\376\377\000T\000o\000o\000l\000\040\000U\000s\000a\000g\000e}{chapter.127}% 118
\BOOKMARK [2][-]{subsection.145}{\376\377\000R\000C\000S\000B\000\040\000P\000D\000B}{section.144}% 119
\BOOKMARK [2][-]{subsection.146}{\376\377\000F\000i\000r\000s\000t\000G\000l\000a\000n\000c\000e\000\040\000i\000n\000\040\000J\000m\000o\000l}{section.144}% 120
\BOOKMARK [2][-]{subsection.147}{\376\377\000S\000W\000I\000S\000S\000-\000M\000O\000D\000E\000L}{section.144}% 121
\BOOKMARK [2][-]{subsection.153}{\376\377\000P\000D\000B\000e\000F\000o\000l\000d}{section.144}% 122
\BOOKMARK [2][-]{subsection.154}{\376\377\000P\000S\000I\000P\000R\000E\000D}{section.144}% 123
\BOOKMARK [1][-]{section.155}{\376\377\000T\000o\000o\000l\000\040\000A\000p\000p\000l\000i\000c\000a\000t\000i\000o\000n\000s}{chapter.127}% 124
\BOOKMARK [2][-]{subsection.156}{\376\377\000R\000C\000S\000B\000\040\000P\000D\000B}{section.155}% 125
\BOOKMARK [2][-]{subsection.157}{\376\377\000F\000i\000r\000s\000t\000G\000l\000a\000n\000c\000e\000\040\000i\000n\000\040\000J\000m\000o\000l}{section.155}% 126
\BOOKMARK [2][-]{subsection.158}{\376\377\000S\000W\000I\000S\000S\000-\000M\000O\000D\000E\000L}{section.155}% 127
\BOOKMARK [3][-]{subsubsection.159}{\376\377\000R\000a\000t\000i\000o\000n\000a\000l\000\040\000D\000r\000u\000g\000\040\000D\000e\000s\000i\000g\000n}{subsection.158}% 128
\BOOKMARK [2][-]{subsection.160}{\376\377\000P\000D\000B\000e\000F\000o\000l\000d}{section.155}% 129
\BOOKMARK [2][-]{subsection.161}{\376\377\000P\000S\000I\000P\000R\000E\000D}{section.155}% 130
\BOOKMARK [0][-]{chapter.162}{\376\377\000S\000e\000c\000o\000n\000d\000a\000r\000y\000\040\000S\000t\000r\000u\000c\000t\000u\000r\000e\000\040\000P\000r\000e\000d\000i\000c\000t\000i\000o\000n}{}% 131
\BOOKMARK [1][-]{section.163}{\376\377\000C\000o\000n\000c\000e\000p\000t\000s\000\040\000D\000i\000s\000c\000u\000s\000s\000e\000d}{chapter.162}% 132
\BOOKMARK [2][-]{subsection.164}{\376\377\000T\000y\000p\000e\000s\000\040\000o\000f\000\040\000P\000r\000e\000d\000i\000c\000t\000i\000o\000n\000\040\000M\000e\000t\000h\000o\000d\000s}{section.163}% 133
\BOOKMARK [3][-]{subsubsection.165}{\376\377\000S\000t\000a\000t\000i\000s\000t\000i\000c\000a\000l\000/\000P\000r\000o\000b\000a\000b\000i\000l\000i\000s\000t\000i\000c}{subsection.164}% 134
\BOOKMARK [3][-]{subsubsection.166}{\376\377\000K\000n\000o\000w\000l\000e\000d\000g\000e\000-\000B\000a\000s\000e\000d\000\040\000M\000e\000t\000h\000o\000d\000s}{subsection.164}% 135
\BOOKMARK [3][-]{subsubsection.167}{\376\377\000M\000a\000c\000h\000i\000n\000e\000\040\000L\000e\000a\000r\000n\000i\000n\000g\000\040\000M\000e\000t\000h\000o\000d\000s}{subsection.164}% 136
\BOOKMARK [2][-]{subsection.168}{\376\377\000D\000e\000r\000i\000v\000i\000n\000g\000\040\000P\000a\000r\000a\000m\000e\000t\000e\000r\000s}{section.163}% 137
\BOOKMARK [3][-]{subsubsection.169}{\376\377\000T\000r\000a\000i\000n\000i\000n\000g\000\040\000D\000a\000t\000a\000s\000e\000t}{subsection.168}% 138
\BOOKMARK [3][-]{subsubsection.170}{\376\377\000T\000e\000s\000t\000i\000n\000g\000\040\000D\000a\000t\000a\000s\000e\000t}{subsection.168}% 139
\BOOKMARK [2][-]{subsection.171}{\376\377\000A\000s\000s\000e\000s\000s\000i\000n\000g\000\040\000A\000c\000c\000u\000r\000a\000c\000y\000\040\000o\000f\000\040\000P\000r\000e\000d\000i\000c\000t\000i\000o\000n\000\040\000P\000r\000o\000g\000r\000a\000m\000s}{section.163}% 140
\BOOKMARK [3][-]{subsubsection.172}{\376\377\000Q\0003}{subsection.171}% 141
\BOOKMARK [3][-]{subsubsection.173}{\376\377\000M\000a\000t\000h\000e\000w\000s\000\040\000C\000o\000r\000r\000e\000l\000a\000t\000i\000o\000n\000s\000\040\000C\000o\000e\000f\000f\000i\000c\000i\000e\000n\000t}{subsection.171}% 142
\BOOKMARK [3][-]{subsubsection.174}{\376\377\000F\000r\000a\000c\000t\000i\000o\000n\000a\000l\000\040\000O\000v\000e\000r\000l\000a\000p\000\040\000S\000e\000g\000m\000e\000n\000t\000s}{subsection.171}% 143
\BOOKMARK [2][-]{subsection.175}{\376\377\000C\000o\000m\000p\000o\000s\000i\000t\000i\000o\000n\000a\000l\000\040\000P\000r\000e\000f\000e\000r\000e\000n\000c\000e\000s}{section.163}% 144
\BOOKMARK [2][-]{subsection.176}{\376\377\000C\000h\000a\000u\000-\000F\000a\000s\000m\000a\000n\000\040\000A\000l\000g\000o\000r\000i\000t\000h\000m}{section.163}% 145
\BOOKMARK [2][-]{subsection.177}{\376\377\000N\000e\000a\000r\000e\000s\000t\000-\000N\000e\000i\000g\000h\000b\000o\000u\000r\000\040\000M\000e\000t\000h\000o\000d\000s}{section.163}% 146
\BOOKMARK [2][-]{subsection.178}{\376\377\000O\000t\000h\000e\000r\000\040\000S\000e\000c\000o\000n\000d\000a\000r\000y\000\040\000S\000t\000r\000u\000c\000t\000u\000r\000e\000s}{section.163}% 147
\BOOKMARK [3][-]{subsubsection.179}{\376\377\000T\000r\000a\000n\000s\000-\000m\000e\000m\000b\000r\000a\000n\000e\000\040\000P\000r\000o\000t\000e\000i\000n\000s}{subsection.178}% 148
\BOOKMARK [3][-]{subsubsection.180}{\376\377\000C\000o\000i\000l\000e\000d\000-\000C\000o\000i\000l\000\040\000S\000t\000r\000u\000c\000t\000u\000r\000e\000s}{subsection.178}% 149
\BOOKMARK [3][-]{subsubsection.181}{\376\377\000S\000i\000n\000g\000l\000e\000\040\000S\000t\000r\000a\000n\000d\000e\000d\000\040\000R\000N\000A\000\040\000M\000o\000l\000e\000c\000u\000l\000e\000s}{subsection.178}% 150
\BOOKMARK [2][-]{subsection.182}{\376\377\000T\000y\000p\000e\000s\000\040\000o\000f\000\040\000N\000u\000c\000l\000e\000i\000c\000\040\000A\000c\000i\000d\000\040\000S\000e\000c\000o\000n\000d\000a\000r\000y\000\040\000S\000t\000r\000u\000c\000t\000u\000r\000e}{section.163}% 151
\BOOKMARK [3][-]{subsubsection.183}{\376\377\000S\000t\000e\000m\000s}{subsection.182}% 152
\BOOKMARK [3][-]{subsubsection.184}{\376\377\000L\000o\000o\000p\000s}{subsection.182}% 153
\BOOKMARK [3][-]{subsubsection.185}{\376\377\000P\000s\000e\000u\000d\000o\000-\000k\000n\000o\000t\000s}{subsection.182}% 154
\BOOKMARK [3][-]{subsubsection.186}{\376\377\000D\000o\000u\000b\000l\000e\000\040\000H\000e\000l\000i\000x}{subsection.182}% 155
\BOOKMARK [1][-]{section.187}{\376\377\000T\000o\000o\000l\000s\000\040\000D\000i\000s\000c\000u\000s\000s\000e\000d}{chapter.162}% 156
\BOOKMARK [2][-]{subsection.188}{\376\377\000N\000C\000B\000I\000\040\000N\000u\000c\000l\000e\000o\000t\000i\000d\000e\000\040\000D\000a\000t\000a\000b\000a\000s\000e}{section.187}% 157
\BOOKMARK [2][-]{subsection.189}{\376\377\000m\000F\000o\000l\000d}{section.187}% 158
\BOOKMARK [1][-]{section.190}{\376\377\000T\000o\000o\000l\000\040\000U\000s\000a\000g\000e}{chapter.162}% 159
\BOOKMARK [2][-]{subsection.191}{\376\377\000N\000C\000B\000I\000\040\000N\000u\000c\000l\000e\000o\000t\000i\000d\000e\000\040\000D\000a\000t\000a\000b\000a\000s\000e}{section.190}% 160
\BOOKMARK [2][-]{subsection.192}{\376\377\000m\000F\000o\000l\000d}{section.190}% 161
\BOOKMARK [1][-]{section.198}{\376\377\000T\000o\000o\000l\000\040\000A\000p\000p\000l\000i\000c\000a\000t\000i\000o\000n\000s}{chapter.162}% 162
\BOOKMARK [2][-]{subsection.199}{\376\377\000N\000C\000B\000I\000\040\000N\000u\000c\000l\000e\000o\000t\000i\000d\000e\000\040\000D\000a\000t\000a\000b\000a\000s\000e}{section.198}% 163
\BOOKMARK [2][-]{subsection.200}{\376\377\000m\000F\000o\000l\000d}{section.198}% 164
\BOOKMARK [3][-]{subsubsection.201}{\376\377\000I\000n\000v\000e\000s\000t\000i\000g\000a\000t\000i\000n\000g\000\040\000t\000h\000e\000\040\000S\000e\000c\000o\000n\000d\000a\000r\000y\000\040\000S\000t\000r\000u\000c\000t\000u\000r\000e\000\040\000o\000f\000\040\000S\000i\000n\000g\000l\000e\000\040\000S\000t\000r\000a\000n\000d\000e\000d\000\040\000V\000i\000r\000a\000l\000\040\000N\000u\000c\000l\000e\000i\000c\000\040\000A\000c\000i\000d\000s}{subsection.200}% 165
\BOOKMARK [0][-]{chapter.202}{\376\377\000G\000e\000n\000e\000\040\000E\000x\000p\000r\000e\000s\000s\000i\000o\000n\000\040\000A\000n\000a\000l\000y\000s\000i\000s}{}% 166
\BOOKMARK [1][-]{section.203}{\376\377\000C\000o\000n\000c\000e\000p\000t\000s\000\040\000D\000i\000s\000c\000u\000s\000s\000e\000d}{chapter.202}% 167
\BOOKMARK [2][-]{subsection.204}{\376\377\000D\000e\000t\000e\000c\000t\000i\000n\000g\000\040\000G\000e\000n\000e\000\040\000E\000x\000p\000r\000e\000s\000s\000i\000o\000n}{section.203}% 168
\BOOKMARK [2][-]{subsection.205}{\376\377\000E\000x\000p\000r\000e\000s\000s\000i\000o\000n\000\040\000A\000n\000a\000l\000y\000s\000i\000s}{section.203}% 169
\BOOKMARK [3][-]{subsubsection.206}{\376\377\000D\000N\000A\000\040\000M\000i\000c\000r\000o\000a\000r\000r\000a\000y\000s}{subsection.205}% 170
\BOOKMARK [3][-]{subsubsection.207}{\376\377\000S\000e\000r\000i\000a\000l\000\040\000A\000n\000a\000l\000y\000s\000i\000s\000\040\000o\000f\000\040\000G\000e\000n\000e\000\040\000E\000x\000p\000r\000e\000s\000s\000i\000o\000n\000\040\000\050\000S\000A\000G\000E\000\051}{subsection.205}% 171
\BOOKMARK [3][-]{subsubsection.208}{\376\377\000M\000i\000n\000i\000m\000a\000l\000\040\000I\000n\000f\000o\000r\000m\000a\000t\000i\000o\000n\000\040\000A\000b\000o\000u\000t\000\040\000a\000\040\000M\000i\000c\000r\000o\000a\000r\000r\000a\000y\000\040\000E\000x\000p\000e\000r\000i\000m\000e\000n\000t\000\040\000\050\000M\000I\000A\000M\000E\000\051}{subsection.205}% 172
\BOOKMARK [3][-]{subsubsection.209}{\376\377\000C\000l\000u\000s\000t\000e\000r\000\040\000A\000n\000a\000l\000y\000s\000i\000s}{subsection.205}% 173
\BOOKMARK [3][-]{subsubsection.210}{\376\377\0002\000D\000\040\000G\000e\000l\000\040\000E\000l\000e\000c\000t\000r\000o\000p\000h\000o\000r\000e\000s\000i\000s}{subsection.205}% 174
\BOOKMARK [3][-]{subsubsection.211}{\376\377\000P\000r\000o\000t\000e\000i\000n\000\040\000M\000i\000c\000r\000o\000a\000r\000r\000a\000y\000s}{subsection.205}% 175
\BOOKMARK [3][-]{subsubsection.212}{\376\377\000M\000a\000s\000s\000\040\000S\000p\000e\000c\000t\000r\000o\000m\000e\000t\000r\000y\000\040\000\050\000M\000S\000\051}{subsection.205}% 176
\BOOKMARK [2][-]{subsection.213}{\376\377\000E\000x\000p\000r\000e\000s\000s\000i\000o\000n\000\040\000D\000a\000t\000a\000\040\000P\000r\000e\000p\000a\000r\000a\000t\000i\000o\000n}{section.203}% 177
\BOOKMARK [3][-]{subsubsection.214}{\376\377\000B\000a\000c\000k\000g\000r\000o\000u\000n\000d\000\040\000C\000o\000r\000r\000e\000c\000t\000i\000o\000n}{subsection.213}% 178
\BOOKMARK [3][-]{subsubsection.215}{\376\377\000N\000o\000r\000m\000a\000l\000i\000z\000a\000t\000i\000o\000n}{subsection.213}% 179
\BOOKMARK [3][-]{subsubsection.216}{\376\377\000T\000r\000a\000n\000s\000f\000o\000r\000m\000a\000t\000i\000o\000n}{subsection.213}% 180
\BOOKMARK [3][-]{subsubsection.217}{\376\377\000D\000i\000f\000f\000e\000r\000e\000n\000t\000i\000a\000l\000\040\000E\000x\000p\000r\000e\000s\000s\000i\000o\000n}{subsection.213}% 181
\BOOKMARK [1][-]{section.218}{\376\377\000T\000o\000o\000l\000s\000\040\000D\000i\000s\000c\000u\000s\000s\000e\000d}{chapter.202}% 182
\BOOKMARK [2][-]{subsection.219}{\376\377\000N\000C\000B\000I\000\040\000G\000e\000n\000e\000\040\000E\000x\000p\000r\000e\000s\000s\000i\000o\000n\000\040\000O\000m\000n\000i\000b\000u\000s\000\040\000\050\000G\000E\000O\000\051}{section.218}% 183
\BOOKMARK [2][-]{subsection.220}{\376\377\000G\000E\000O\0002\000R}{section.218}% 184
\BOOKMARK [1][-]{section.221}{\376\377\000T\000o\000o\000l\000\040\000U\000s\000a\000g\000e}{chapter.202}% 185
\BOOKMARK [2][-]{subsection.222}{\376\377\000N\000C\000B\000I\000\040\000G\000E\000O}{section.221}% 186
\BOOKMARK [2][-]{subsection.223}{\376\377\000G\000E\000O\0002\000R}{section.221}% 187
\BOOKMARK [1][-]{section.230}{\376\377\000T\000o\000o\000l\000\040\000A\000p\000p\000l\000i\000c\000a\000t\000i\000o\000n\000s}{chapter.202}% 188
\BOOKMARK [2][-]{subsection.231}{\376\377\000N\000C\000B\000I\000\040\000G\000E\000O}{section.230}% 189
\BOOKMARK [2][-]{subsection.232}{\376\377\000G\000E\000O\0002\000R}{section.230}% 190
\BOOKMARK [3][-]{subsubsection.233}{\376\377\000A\000n\000a\000l\000y\000s\000i\000s\000\040\000o\000f\000\040\000C\000o\000-\000r\000e\000g\000u\000l\000a\000t\000i\000o\000n\000\040\000t\000o\000\040\000P\000l\000a\000c\000e\000\040\000G\000e\000n\000e\000s\000\040\000i\000n\000\040\000M\000o\000l\000e\000c\000u\000l\000a\000r\000\040\000P\000a\000t\000h\000w\000a\000y\000s}{subsection.232}% 191
\BOOKMARK [0][-]{chapter.234}{\376\377\000S\000y\000s\000t\000e\000m\000s\000\040\000B\000i\000o\000l\000o\000g\000y}{}% 192
\BOOKMARK [1][-]{section.235}{\376\377\000C\000o\000n\000c\000e\000p\000t\000s\000\040\000D\000i\000s\000c\000u\000s\000s\000e\000d}{chapter.234}% 193
\BOOKMARK [2][-]{subsection.236}{\376\377\000B\000i\000o\000l\000o\000g\000i\000c\000a\000l\000\040\000S\000y\000s\000t\000e\000m\000s}{section.235}% 194
\BOOKMARK [2][-]{subsection.237}{\376\377\000C\000o\000n\000s\000t\000r\000u\000c\000t\000i\000n\000g\000\040\000N\000e\000t\000w\000o\000r\000k\000s}{section.235}% 195
\BOOKMARK [3][-]{subsubsection.238}{\376\377\000B\000o\000t\000t\000o\000m\000-\000U\000p\000\040\000A\000p\000p\000r\000o\000a\000c\000h}{subsection.237}% 196
\BOOKMARK [3][-]{subsubsection.239}{\376\377\000T\000o\000p\000-\000D\000o\000w\000n\000\040\000A\000p\000p\000r\000o\000a\000c\000h}{subsection.237}% 197
\BOOKMARK [3][-]{subsubsection.240}{\376\377\000M\000i\000d\000d\000l\000e\000-\000O\000u\000t\000\040\000A\000p\000p\000r\000o\000a\000c\000h}{subsection.237}% 198
\BOOKMARK [2][-]{subsection.241}{\376\377\000N\000e\000t\000w\000o\000r\000k\000\040\000M\000o\000d\000e\000l\000\040\000F\000e\000a\000t\000u\000r\000e\000s}{section.235}% 199
\BOOKMARK [3][-]{subsubsection.242}{\376\377\000N\000e\000t\000w\000o\000r\000k\000\040\000I\000n\000t\000e\000r\000a\000c\000t\000i\000o\000n\000s}{subsection.241}% 200
\BOOKMARK [3][-]{subsubsection.243}{\376\377\000N\000e\000t\000w\000o\000r\000k\000\040\000A\000r\000c\000h\000i\000t\000e\000c\000t\000u\000r\000e\000s}{subsection.241}% 201
\BOOKMARK [3][-]{subsubsection.244}{\376\377\000C\000o\000n\000t\000r\000o\000l\000\040\000C\000i\000r\000c\000u\000i\000t\000s}{subsection.241}% 202
\BOOKMARK [3][-]{subsubsection.245}{\376\377\000R\000o\000b\000u\000s\000t\000n\000e\000s\000s}{subsection.241}% 203
\BOOKMARK [3][-]{subsubsection.246}{\376\377\000M\000o\000d\000u\000l\000a\000r\000i\000t\000y}{subsection.241}% 204
\BOOKMARK [3][-]{subsubsection.247}{\376\377\000R\000e\000d\000u\000n\000d\000a\000n\000c\000y}{subsection.241}% 205
\BOOKMARK [3][-]{subsubsection.248}{\376\377\000B\000i\000s\000t\000a\000b\000l\000e\000\040\000S\000w\000i\000t\000c\000h\000e\000s}{subsection.241}% 206
\BOOKMARK [2][-]{subsection.249}{\376\377\000P\000r\000a\000c\000t\000i\000c\000a\000l\000\040\000A\000s\000p\000e\000c\000t\000s\000\040\000o\000f\000\040\000S\000y\000s\000t\000e\000m\000\040\000M\000o\000d\000e\000l\000s}{section.235}% 207
\BOOKMARK [1][-]{section.250}{\376\377\000T\000o\000o\000l\000s\000\040\000D\000i\000s\000c\000u\000s\000s\000e\000d}{chapter.234}% 208
\BOOKMARK [2][-]{subsection.251}{\376\377\000O\000m\000i\000c\000s\000N\000e\000t}{section.250}% 209
\BOOKMARK [1][-]{section.252}{\376\377\000T\000o\000o\000l\000\040\000U\000s\000a\000g\000e}{chapter.234}% 210
\BOOKMARK [2][-]{subsection.253}{\376\377\000O\000m\000i\000c\000s\000N\000e\000t}{section.252}% 211
\BOOKMARK [1][-]{section.257}{\376\377\000T\000o\000o\000l\000\040\000A\000p\000p\000l\000i\000c\000a\000t\000i\000o\000n\000s}{chapter.234}% 212
\BOOKMARK [2][-]{subsection.258}{\376\377\000O\000m\000i\000c\000s\000N\000e\000t}{section.257}% 213
\BOOKMARK [3][-]{subsubsection.259}{\376\377\000E\000x\000p\000l\000o\000r\000i\000n\000g\000\040\000B\000i\000o\000l\000o\000g\000i\000c\000a\000l\000\040\000N\000e\000t\000w\000o\000r\000k\000s}{subsection.258}% 214
