\BOOKMARK [1][-]{section.1}{Introduction to Mass Spectrometry}{}% 1
\BOOKMARK [2][-]{subsection.1.1}{MS Technical Background}{section.1}% 2
\BOOKMARK [3][-]{subsubsection.1.1.1}{Sample Loading}{subsection.1.1}% 3
\BOOKMARK [3][-]{subsubsection.1.1.2}{Ionization}{subsection.1.1}% 4
\BOOKMARK [3][-]{subsubsection.1.1.3}{Acceleration}{subsection.1.1}% 5
\BOOKMARK [3][-]{subsubsection.1.1.4}{Separation}{subsection.1.1}% 6
\BOOKMARK [3][-]{subsubsection.1.1.5}{Detection}{subsection.1.1}% 7
\BOOKMARK [2][-]{subsection.1.2}{A Brief History of Mass Spectrometry}{section.1}% 8
\BOOKMARK [3][-]{subsubsection.1.2.1}{Discovery and Physics Applications}{subsection.1.2}% 9
\BOOKMARK [3][-]{subsubsection.1.2.2}{Inorganic Chemistry Applications}{subsection.1.2}% 10
\BOOKMARK [3][-]{subsubsection.1.2.3}{Bio/Organic Chemistry Applications}{subsection.1.2}% 11
\BOOKMARK [3][-]{subsubsection.1.2.4}{Medical/Biological Applications}{subsection.1.2}% 12
\BOOKMARK [1][-]{section.2}{Biological Mass Spectrometry}{}% 13
\BOOKMARK [2][-]{subsection.2.1}{Matrix Assisted Laser Desorption Ionization}{section.2}% 14
\BOOKMARK [3][-]{subsubsection.2.1.1}{Matrix Assisted Laser Desorption}{subsection.2.1}% 15
\BOOKMARK [3][-]{subsubsection.2.1.2}{Matrix Composition}{subsection.2.1}% 16
\BOOKMARK [2][-]{subsection.2.2}{MALDI Applications in Molecular Diagnostics}{section.2}% 17
\BOOKMARK [3][-]{subsubsection.2.2.1}{Nectrotizing Enterocolitits}{subsection.2.2}% 18
\BOOKMARK [3][-]{subsubsection.2.2.2}{Pancreatic Cancer}{subsection.2.2}% 19
\BOOKMARK [3][-]{subsubsection.2.2.3}{Identifying Drug Resistance in Bacteria}{subsection.2.2}% 20
\BOOKMARK [2][-]{subsection.2.3}{Electrospray Ionization Mass Spectrometry}{section.2}% 21
\BOOKMARK [3][-]{subsubsection.2.3.1}{The Electrospray Ionization Mass Spectrometry Process}{subsection.2.3}% 22
\BOOKMARK [2][-]{subsection.2.4}{ESI-MS Applications in Molecular Diagnostics}{section.2}% 23
\BOOKMARK [3][-]{subsubsection.2.4.1}{Screeing for Inborn Errors of Metabolism}{subsection.2.4}% 24
\BOOKMARK [3][-]{subsubsection.2.4.2}{Identification and Quantification of Haemoglobin Variants}{subsection.2.4}% 25
\BOOKMARK [1][-]{section.3}{Benefits and Limitations of MS in Molecular Diagnostics}{}% 26
\BOOKMARK [2][-]{subsection.3.1}{Benefits}{section.3}% 27
\BOOKMARK [2][-]{subsection.3.2}{Limitations}{section.3}% 28
\BOOKMARK [1][-]{section.4}{Conclusion}{}% 29
